<?xml version="1.0" encoding="UTF-8"?>
<robot generator="Robot 4.1.3 (Python 3.8.0 on win32)" generated="20220314 21:18:12.761" rpa="false" schemaversion="2">
<suite id="s1" name="Swaglab" source="C:\Users\user\Desktop\Dojobox\pom-rf\Steps\swaglab.robot">
<kw name="Open Browser Chrome" library="login_page_keywords" type="SETUP">
<kw name="Open Browser" library="SeleniumLibrary">
<arg>browser=chrome</arg>
<doc>Opens a new browser instance to the optional ``url``.</doc>
<msg timestamp="20220314 21:18:13.316" level="INFO">Opening browser 'chrome' to base url 'None'.</msg>
<status status="PASS" starttime="20220314 21:18:13.316" endtime="20220314 21:18:15.289"/>
</kw>
<kw name="Maximize Browser Window" library="SeleniumLibrary">
<doc>Maximizes current browser window.</doc>
<status status="PASS" starttime="20220314 21:18:15.289" endtime="20220314 21:18:15.554"/>
</kw>
<status status="PASS" starttime="20220314 21:18:13.315" endtime="20220314 21:18:15.555"/>
</kw>
<test id="s1-t1" name="Login with invalid username and invalid password">
<kw name="Go To SwagLab Page" library="login_page_keywords">
<kw name="Go To" library="SeleniumLibrary">
<arg>https://saucedemo.com/</arg>
<doc>Navigates the current browser window to the provided ``url``.</doc>
<msg timestamp="20220314 21:18:15.559" level="INFO">Opening url 'https://saucedemo.com/'</msg>
<status status="PASS" starttime="20220314 21:18:15.558" endtime="20220314 21:18:26.010"/>
</kw>
<status status="PASS" starttime="20220314 21:18:15.557" endtime="20220314 21:18:26.010"/>
</kw>
<kw name="Input Invalid Username" library="login_page_keywords">
<kw name="Input Text" library="SeleniumLibrary">
<arg>//input[@id="user-name"]</arg>
<arg>ganjar</arg>
<doc>Types the given ``text`` into the text field identified by ``locator``.</doc>
<msg timestamp="20220314 21:18:26.016" level="INFO">Typing text 'ganjar' into text field '//input[@id="user-name"]'.</msg>
<status status="PASS" starttime="20220314 21:18:26.012" endtime="20220314 21:18:26.208"/>
</kw>
<status status="PASS" starttime="20220314 21:18:26.011" endtime="20220314 21:18:26.208"/>
</kw>
<kw name="Input Invalid Password" library="login_page_keywords">
<kw name="Input Text" library="SeleniumLibrary">
<arg>//input[@id="password"]</arg>
<arg>ganjar</arg>
<doc>Types the given ``text`` into the text field identified by ``locator``.</doc>
<msg timestamp="20220314 21:18:26.210" level="INFO">Typing text 'ganjar' into text field '//input[@id="password"]'.</msg>
<status status="PASS" starttime="20220314 21:18:26.209" endtime="20220314 21:18:26.355"/>
</kw>
<status status="PASS" starttime="20220314 21:18:26.208" endtime="20220314 21:18:26.355"/>
</kw>
<kw name="Click Login Button" library="login_page_keywords">
<kw name="Click Element" library="SeleniumLibrary">
<arg>//input[@id="login-button"]</arg>
<doc>Click the element identified by ``locator``.</doc>
<msg timestamp="20220314 21:18:26.357" level="INFO">Clicking element '//input[@id="login-button"]'.</msg>
<status status="PASS" starttime="20220314 21:18:26.356" endtime="20220314 21:18:26.456"/>
</kw>
<status status="PASS" starttime="20220314 21:18:26.356" endtime="20220314 21:18:26.456"/>
</kw>
<kw name="Show Error Not Found User Message" library="login_page_keywords">
<kw name="Element Text Should Be" library="SeleniumLibrary">
<arg>//div[@class="error-message-container error"]</arg>
<arg>Epic sadface: Username and password do not match any user in this service</arg>
<doc>Verifies that element ``locator`` contains exact the text ``expected``.</doc>
<msg timestamp="20220314 21:18:26.459" level="INFO">Verifying element '//div[@class="error-message-container error"]' contains exact text 'Epic sadface: Username and password do not match any user in this service'.</msg>
<status status="PASS" starttime="20220314 21:18:26.458" endtime="20220314 21:18:26.508"/>
</kw>
<status status="PASS" starttime="20220314 21:18:26.457" endtime="20220314 21:18:26.508"/>
</kw>
<status status="PASS" starttime="20220314 21:18:15.555" endtime="20220314 21:18:26.509"/>
</test>
<test id="s1-t2" name="Login with valid username and valid password">
<kw name="Go To SwagLab Page" library="login_page_keywords">
<kw name="Go To" library="SeleniumLibrary">
<arg>https://saucedemo.com/</arg>
<doc>Navigates the current browser window to the provided ``url``.</doc>
<msg timestamp="20220314 21:18:26.512" level="INFO">Opening url 'https://saucedemo.com/'</msg>
<status status="PASS" starttime="20220314 21:18:26.512" endtime="20220314 21:18:26.646"/>
</kw>
<status status="PASS" starttime="20220314 21:18:26.512" endtime="20220314 21:18:26.646"/>
</kw>
<kw name="Input Valid Username" library="login_page_keywords">
<kw name="Input Text" library="SeleniumLibrary">
<arg>//input[@id="user-name"]</arg>
<arg>standard_user</arg>
<doc>Types the given ``text`` into the text field identified by ``locator``.</doc>
<msg timestamp="20220314 21:18:26.650" level="INFO">Typing text 'standard_user' into text field '//input[@id="user-name"]'.</msg>
<status status="PASS" starttime="20220314 21:18:26.649" endtime="20220314 21:18:26.800"/>
</kw>
<status status="PASS" starttime="20220314 21:18:26.647" endtime="20220314 21:18:26.800"/>
</kw>
<kw name="Input Valid Password" library="login_page_keywords">
<kw name="Input Text" library="SeleniumLibrary">
<arg>//input[@id="password"]</arg>
<arg>secret_sauce</arg>
<doc>Types the given ``text`` into the text field identified by ``locator``.</doc>
<msg timestamp="20220314 21:18:26.803" level="INFO">Typing text 'secret_sauce' into text field '//input[@id="password"]'.</msg>
<status status="PASS" starttime="20220314 21:18:26.802" endtime="20220314 21:18:26.943"/>
</kw>
<status status="PASS" starttime="20220314 21:18:26.801" endtime="20220314 21:18:26.943"/>
</kw>
<kw name="Click Login Button" library="login_page_keywords">
<kw name="Click Element" library="SeleniumLibrary">
<arg>//input[@id="login-button"]</arg>
<doc>Click the element identified by ``locator``.</doc>
<msg timestamp="20220314 21:18:26.945" level="INFO">Clicking element '//input[@id="login-button"]'.</msg>
<status status="PASS" starttime="20220314 21:18:26.945" endtime="20220314 21:18:27.098"/>
</kw>
<status status="PASS" starttime="20220314 21:18:26.944" endtime="20220314 21:18:27.098"/>
</kw>
<kw name="Show Dashboard" library="login_page_keywords">
<kw name="Element Text Should Be" library="SeleniumLibrary">
<arg>//span[@class="title"]</arg>
<arg>PRODUCTS</arg>
<doc>Verifies that element ``locator`` contains exact the text ``expected``.</doc>
<msg timestamp="20220314 21:18:27.102" level="INFO">Verifying element '//span[@class="title"]' contains exact text 'PRODUCTS'.</msg>
<status status="PASS" starttime="20220314 21:18:27.101" endtime="20220314 21:18:27.147"/>
</kw>
<status status="PASS" starttime="20220314 21:18:27.100" endtime="20220314 21:18:27.148"/>
</kw>
<status status="PASS" starttime="20220314 21:18:26.511" endtime="20220314 21:18:27.148"/>
</test>
<test id="s1-t3" name="Login with valid username and invalid password">
<kw name="Go To SwagLab Page" library="login_page_keywords">
<kw name="Go To" library="SeleniumLibrary">
<arg>https://saucedemo.com/</arg>
<doc>Navigates the current browser window to the provided ``url``.</doc>
<msg timestamp="20220314 21:18:27.153" level="INFO">Opening url 'https://saucedemo.com/'</msg>
<status status="PASS" starttime="20220314 21:18:27.153" endtime="20220314 21:18:27.239"/>
</kw>
<status status="PASS" starttime="20220314 21:18:27.152" endtime="20220314 21:18:27.239"/>
</kw>
<kw name="Input Valid Username" library="login_page_keywords">
<kw name="Input Text" library="SeleniumLibrary">
<arg>//input[@id="user-name"]</arg>
<arg>standard_user</arg>
<doc>Types the given ``text`` into the text field identified by ``locator``.</doc>
<msg timestamp="20220314 21:18:27.242" level="INFO">Typing text 'standard_user' into text field '//input[@id="user-name"]'.</msg>
<status status="PASS" starttime="20220314 21:18:27.241" endtime="20220314 21:18:27.409"/>
</kw>
<status status="PASS" starttime="20220314 21:18:27.240" endtime="20220314 21:18:27.409"/>
</kw>
<kw name="Input Invalid Password" library="login_page_keywords">
<kw name="Input Text" library="SeleniumLibrary">
<arg>//input[@id="password"]</arg>
<arg>ganjar</arg>
<doc>Types the given ``text`` into the text field identified by ``locator``.</doc>
<msg timestamp="20220314 21:18:27.414" level="INFO">Typing text 'ganjar' into text field '//input[@id="password"]'.</msg>
<status status="PASS" starttime="20220314 21:18:27.412" endtime="20220314 21:18:27.559"/>
</kw>
<status status="PASS" starttime="20220314 21:18:27.411" endtime="20220314 21:18:27.560"/>
</kw>
<kw name="Click Login Button" library="login_page_keywords">
<kw name="Click Element" library="SeleniumLibrary">
<arg>//input[@id="login-button"]</arg>
<doc>Click the element identified by ``locator``.</doc>
<msg timestamp="20220314 21:18:27.562" level="INFO">Clicking element '//input[@id="login-button"]'.</msg>
<status status="PASS" starttime="20220314 21:18:27.561" endtime="20220314 21:18:27.637"/>
</kw>
<status status="PASS" starttime="20220314 21:18:27.560" endtime="20220314 21:18:27.637"/>
</kw>
<kw name="Show Error Not Found User Message" library="login_page_keywords">
<kw name="Element Text Should Be" library="SeleniumLibrary">
<arg>//div[@class="error-message-container error"]</arg>
<arg>Epic sadface: Username and password do not match any user in this service</arg>
<doc>Verifies that element ``locator`` contains exact the text ``expected``.</doc>
<msg timestamp="20220314 21:18:27.640" level="INFO">Verifying element '//div[@class="error-message-container error"]' contains exact text 'Epic sadface: Username and password do not match any user in this service'.</msg>
<status status="PASS" starttime="20220314 21:18:27.639" endtime="20220314 21:18:27.671"/>
</kw>
<status status="PASS" starttime="20220314 21:18:27.638" endtime="20220314 21:18:27.671"/>
</kw>
<status status="PASS" starttime="20220314 21:18:27.151" endtime="20220314 21:18:27.672"/>
</test>
<test id="s1-t4" name="Login with invalid username and valid password">
<kw name="Go To SwagLab Page" library="login_page_keywords">
<kw name="Go To" library="SeleniumLibrary">
<arg>https://saucedemo.com/</arg>
<doc>Navigates the current browser window to the provided ``url``.</doc>
<msg timestamp="20220314 21:18:27.676" level="INFO">Opening url 'https://saucedemo.com/'</msg>
<status status="PASS" starttime="20220314 21:18:27.675" endtime="20220314 21:18:27.759"/>
</kw>
<status status="PASS" starttime="20220314 21:18:27.674" endtime="20220314 21:18:27.759"/>
</kw>
<kw name="Input Invalid Username" library="login_page_keywords">
<kw name="Input Text" library="SeleniumLibrary">
<arg>//input[@id="user-name"]</arg>
<arg>ganjar</arg>
<doc>Types the given ``text`` into the text field identified by ``locator``.</doc>
<msg timestamp="20220314 21:18:27.762" level="INFO">Typing text 'ganjar' into text field '//input[@id="user-name"]'.</msg>
<status status="PASS" starttime="20220314 21:18:27.761" endtime="20220314 21:18:27.890"/>
</kw>
<status status="PASS" starttime="20220314 21:18:27.760" endtime="20220314 21:18:27.890"/>
</kw>
<kw name="Input Valid Password" library="login_page_keywords">
<kw name="Input Text" library="SeleniumLibrary">
<arg>//input[@id="password"]</arg>
<arg>secret_sauce</arg>
<doc>Types the given ``text`` into the text field identified by ``locator``.</doc>
<msg timestamp="20220314 21:18:27.892" level="INFO">Typing text 'secret_sauce' into text field '//input[@id="password"]'.</msg>
<status status="PASS" starttime="20220314 21:18:27.892" endtime="20220314 21:18:28.030"/>
</kw>
<status status="PASS" starttime="20220314 21:18:27.891" endtime="20220314 21:18:28.030"/>
</kw>
<kw name="Click Login Button" library="login_page_keywords">
<kw name="Click Element" library="SeleniumLibrary">
<arg>//input[@id="login-button"]</arg>
<doc>Click the element identified by ``locator``.</doc>
<msg timestamp="20220314 21:18:28.032" level="INFO">Clicking element '//input[@id="login-button"]'.</msg>
<status status="PASS" starttime="20220314 21:18:28.032" endtime="20220314 21:18:28.124"/>
</kw>
<status status="PASS" starttime="20220314 21:18:28.031" endtime="20220314 21:18:28.125"/>
</kw>
<kw name="Show Error Not Found User Message" library="login_page_keywords">
<kw name="Element Text Should Be" library="SeleniumLibrary">
<arg>//div[@class="error-message-container error"]</arg>
<arg>Epic sadface: Username and password do not match any user in this service</arg>
<doc>Verifies that element ``locator`` contains exact the text ``expected``.</doc>
<msg timestamp="20220314 21:18:28.129" level="INFO">Verifying element '//div[@class="error-message-container error"]' contains exact text 'Epic sadface: Username and password do not match any user in this service'.</msg>
<status status="PASS" starttime="20220314 21:18:28.128" endtime="20220314 21:18:28.167"/>
</kw>
<status status="PASS" starttime="20220314 21:18:28.127" endtime="20220314 21:18:28.167"/>
</kw>
<status status="PASS" starttime="20220314 21:18:27.673" endtime="20220314 21:18:28.168"/>
</test>
<test id="s1-t5" name="Login without fill in username and password">
<kw name="Go To SwagLab Page" library="login_page_keywords">
<kw name="Go To" library="SeleniumLibrary">
<arg>https://saucedemo.com/</arg>
<doc>Navigates the current browser window to the provided ``url``.</doc>
<msg timestamp="20220314 21:18:28.172" level="INFO">Opening url 'https://saucedemo.com/'</msg>
<status status="PASS" starttime="20220314 21:18:28.172" endtime="20220314 21:18:28.295"/>
</kw>
<status status="PASS" starttime="20220314 21:18:28.171" endtime="20220314 21:18:28.296"/>
</kw>
<kw name="Click Login Button" library="login_page_keywords">
<kw name="Click Element" library="SeleniumLibrary">
<arg>//input[@id="login-button"]</arg>
<doc>Click the element identified by ``locator``.</doc>
<msg timestamp="20220314 21:18:28.299" level="INFO">Clicking element '//input[@id="login-button"]'.</msg>
<status status="PASS" starttime="20220314 21:18:28.299" endtime="20220314 21:18:28.419"/>
</kw>
<status status="PASS" starttime="20220314 21:18:28.298" endtime="20220314 21:18:28.420"/>
</kw>
<kw name="Show Error Username Message" library="login_page_keywords">
<kw name="Element Text Should Be" library="SeleniumLibrary">
<arg>//div[@class="error-message-container error"]</arg>
<arg>Epic sadface: Username is required</arg>
<doc>Verifies that element ``locator`` contains exact the text ``expected``.</doc>
<msg timestamp="20220314 21:18:28.424" level="INFO">Verifying element '//div[@class="error-message-container error"]' contains exact text 'Epic sadface: Username is required'.</msg>
<status status="PASS" starttime="20220314 21:18:28.424" endtime="20220314 21:18:28.468"/>
</kw>
<status status="PASS" starttime="20220314 21:18:28.422" endtime="20220314 21:18:28.468"/>
</kw>
<status status="PASS" starttime="20220314 21:18:28.170" endtime="20220314 21:18:28.469"/>
</test>
<test id="s1-t6" name="Login with valid username but without password">
<kw name="Go To SwagLab Page" library="login_page_keywords">
<kw name="Go To" library="SeleniumLibrary">
<arg>https://saucedemo.com/</arg>
<doc>Navigates the current browser window to the provided ``url``.</doc>
<msg timestamp="20220314 21:18:28.474" level="INFO">Opening url 'https://saucedemo.com/'</msg>
<status status="PASS" starttime="20220314 21:18:28.474" endtime="20220314 21:18:28.625"/>
</kw>
<status status="PASS" starttime="20220314 21:18:28.473" endtime="20220314 21:18:28.626"/>
</kw>
<kw name="Input Valid Username" library="login_page_keywords">
<kw name="Input Text" library="SeleniumLibrary">
<arg>//input[@id="user-name"]</arg>
<arg>standard_user</arg>
<doc>Types the given ``text`` into the text field identified by ``locator``.</doc>
<msg timestamp="20220314 21:18:28.629" level="INFO">Typing text 'standard_user' into text field '//input[@id="user-name"]'.</msg>
<status status="PASS" starttime="20220314 21:18:28.628" endtime="20220314 21:18:28.822"/>
</kw>
<status status="PASS" starttime="20220314 21:18:28.627" endtime="20220314 21:18:28.822"/>
</kw>
<kw name="Click Login Button" library="login_page_keywords">
<kw name="Click Element" library="SeleniumLibrary">
<arg>//input[@id="login-button"]</arg>
<doc>Click the element identified by ``locator``.</doc>
<msg timestamp="20220314 21:18:28.824" level="INFO">Clicking element '//input[@id="login-button"]'.</msg>
<status status="PASS" starttime="20220314 21:18:28.824" endtime="20220314 21:18:28.894"/>
</kw>
<status status="PASS" starttime="20220314 21:18:28.823" endtime="20220314 21:18:28.894"/>
</kw>
<kw name="Show Error Password Message" library="login_page_keywords">
<kw name="Element Text Should Be" library="SeleniumLibrary">
<arg>//div[@class="error-message-container error"]</arg>
<arg>Epic sadface: Password is required</arg>
<doc>Verifies that element ``locator`` contains exact the text ``expected``.</doc>
<msg timestamp="20220314 21:18:28.897" level="INFO">Verifying element '//div[@class="error-message-container error"]' contains exact text 'Epic sadface: Password is required'.</msg>
<status status="PASS" starttime="20220314 21:18:28.896" endtime="20220314 21:18:28.926"/>
</kw>
<status status="PASS" starttime="20220314 21:18:28.895" endtime="20220314 21:18:28.926"/>
</kw>
<status status="PASS" starttime="20220314 21:18:28.471" endtime="20220314 21:18:28.926"/>
</test>
<kw name="Close Browser" library="SeleniumLibrary" type="TEARDOWN">
<doc>Closes the current browser.</doc>
<status status="PASS" starttime="20220314 21:18:28.929" endtime="20220314 21:18:31.390"/>
</kw>
<status status="PASS" starttime="20220314 21:18:12.765" endtime="20220314 21:18:31.391"/>
</suite>
<statistics>
<total>
<stat pass="6" fail="0" skip="0">All Tests</stat>
</total>
<tag>
</tag>
<suite>
<stat pass="6" fail="0" skip="0" id="s1" name="Swaglab">Swaglab</stat>
</suite>
</statistics>
<errors>
</errors>
</robot>
